<?xml version="1.0" encoding="UTF-8"?>
<!-- Generated by org.testng.reporters.JUnitReportReporter -->
<testsuite ignored="0" hostname="Anagha_Arjun" failures="1" tests="2" name="basics.TestNGAsgmnt" time="6.360" errors="0" timestamp="03 Jan 2025 09:36:26 GMT" skipped="0">
  <testcase classname="basics.TestNGAsgmnt" name="VerifyFonColorOfAlert" time="3.467"/>
  <testcase classname="basics.TestNGAsgmnt" name="VerifyBgColorOfAlert" time="2.893">
    <failure message="expected [rgba(212, 237, 218, 1)] but found [[[ChromeDriver: chrome on WINDOWS (ac79a2adbf523733b0a849dff3825122)] -&gt; xpath: //div[@class=&#039;alert alert-success alert-autoclosable-success&#039;]]]" type="java.lang.AssertionError">
      <![CDATA[java.lang.AssertionError: expected [rgba(212, 237, 218, 1)] but found [[[ChromeDriver: chrome on WINDOWS (ac79a2adbf523733b0a849dff3825122)] -> xpath: //div[@class='alert alert-success alert-autoclosable-success']]]
	at org.testng.Assert.fail(Assert.java:94)
	at org.testng.Assert.failNotEquals(Assert.java:513)
	at org.testng.Assert.assertEqualsImpl(Assert.java:135)
	at org.testng.Assert.assertEquals(Assert.java:116)
	at org.testng.Assert.assertEquals(Assert.java:179)
	at basics.TestNGAsgmnt.VerifyBgColorOfAlert(TestNGAsgmnt.java:31)
	at java.base/jdk.internal.reflect.DirectMethodHandleAccessor.invoke(DirectMethodHandleAccessor.java:103)
	at java.base/java.lang.reflect.Method.invoke(Method.java:580)
	at org.testng.internal.MethodInvocationHelper.invokeMethod(MethodInvocationHelper.java:104)
	at org.testng.internal.Invoker.invokeMethod(Invoker.java:645)
	at org.testng.internal.Invoker.invokeTestMethod(Invoker.java:851)
	at org.testng.internal.Invoker.invokeTestMethods(Invoker.java:1177)
	at org.testng.internal.TestMethodWorker.invokeTestMethods(TestMethodWorker.java:129)
	at org.testng.internal.TestMethodWorker.run(TestMethodWorker.java:112)
	at org.testng.TestRunner.privateRun(TestRunner.java:756)
	at org.testng.TestRunner.run(TestRunner.java:610)
	at org.testng.SuiteRunner.runTest(SuiteRunner.java:387)
	at org.testng.SuiteRunner.runSequentially(SuiteRunner.java:382)
	at org.testng.SuiteRunner.privateRun(SuiteRunner.java:340)
	at org.testng.SuiteRunner.run(SuiteRunner.java:289)
	at org.testng.SuiteRunnerWorker.runSuite(SuiteRunnerWorker.java:52)
	at org.testng.SuiteRunnerWorker.run(SuiteRunnerWorker.java:86)
	at org.testng.TestNG.runSuitesSequentially(TestNG.java:1293)
	at org.testng.TestNG.runSuitesLocally(TestNG.java:1218)
	at org.testng.TestNG.runSuites(TestNG.java:1133)
	at org.testng.TestNG.run(TestNG.java:1104)
	at org.testng.remote.AbstractRemoteTestNG.run(AbstractRemoteTestNG.java:115)
	at org.testng.remote.RemoteTestNG.initAndRun(RemoteTestNG.java:293)
	at org.testng.remote.RemoteTestNG.main(RemoteTestNG.java:91)
]]>
    </failure>
  </testcase> <!-- VerifyBgColorOfAlert -->
</testsuite> <!-- basics.TestNGAsgmnt -->
